amazon_movies_20000 trained_0.3 entered
amazon_movies_20000 trained_0.6 entered
amazon_kindle_20000 trained_0.3 entered
amazon_kindle_20000 trained_0.6 entered
amazon_kindle_20000 trained_0.3 entered
amazon_kindle_20000 trained_0.6 entered
** amazon_kindle_20000_trained_0.6 0
/home/william18026/ELJST-Paper/ELJST_script_BTM.py:393: RuntimeWarning: overflow encountered in exp
  topic_assignment1 = np.exp(self.lambda_param * topic_assignment)
/home/william18026/ELJST-Paper/ELJST_script_BTM.py:394: RuntimeWarning: invalid value encountered in true_divide
  topic_assignment1 /= topic_assignment1.sum()
/home/william18026/ELJST-Paper/ELJST_script_BTM.py:399: RuntimeWarning: overflow encountered in exp
  topic_assignment2 = np.exp(self.lambda_param * topic_assignment)
/home/william18026/ELJST-Paper/ELJST_script_BTM.py:400: RuntimeWarning: invalid value encountered in true_divide
  topic_assignment2 /= topic_assignment2.sum()
/home/william18026/ELJST-Paper/ELJST_script_BTM.py:128: RuntimeWarning: invalid value encountered in greater_equal
  return np.random.multinomial(1, theta).argmax()
amazon_kindle_20000_trained_0.6 failed
** amazon_kindle_20000_trained_0.3 0
/home/william18026/ELJST-Paper/ELJST_script_BTM.py:393: RuntimeWarning: overflow encountered in exp
  topic_assignment1 = np.exp(self.lambda_param * topic_assignment)
/home/william18026/ELJST-Paper/ELJST_script_BTM.py:394: RuntimeWarning: invalid value encountered in true_divide
  topic_assignment1 /= topic_assignment1.sum()
/home/william18026/ELJST-Paper/ELJST_script_BTM.py:399: RuntimeWarning: overflow encountered in exp
  topic_assignment2 = np.exp(self.lambda_param * topic_assignment)
/home/william18026/ELJST-Paper/ELJST_script_BTM.py:400: RuntimeWarning: invalid value encountered in true_divide
  topic_assignment2 /= topic_assignment2.sum()
/home/william18026/ELJST-Paper/ELJST_script_BTM.py:128: RuntimeWarning: invalid value encountered in greater_equal
  return np.random.multinomial(1, theta).argmax()
amazon_kindle_20000_trained_0.3 failed
** amazon_kindle_20000_trained_0.6 0
/home/william18026/ELJST-Paper/ELJST_script_BTM.py:393: RuntimeWarning: overflow encountered in exp
  topic_assignment1 = np.exp(self.lambda_param * topic_assignment)
/home/william18026/ELJST-Paper/ELJST_script_BTM.py:394: RuntimeWarning: invalid value encountered in true_divide
  topic_assignment1 /= topic_assignment1.sum()
/home/william18026/ELJST-Paper/ELJST_script_BTM.py:399: RuntimeWarning: overflow encountered in exp
  topic_assignment2 = np.exp(self.lambda_param * topic_assignment)
/home/william18026/ELJST-Paper/ELJST_script_BTM.py:400: RuntimeWarning: invalid value encountered in true_divide
  topic_assignment2 /= topic_assignment2.sum()
/home/william18026/ELJST-Paper/ELJST_script_BTM.py:128: RuntimeWarning: invalid value encountered in greater_equal
  return np.random.multinomial(1, theta).argmax()
amazon_kindle_20000_trained_0.6 failed
** amazon_kindle_20000_trained_0.3 0
/home/william18026/ELJST-Paper/ELJST_script_BTM.py:393: RuntimeWarning: overflow encountered in exp
  topic_assignment1 = np.exp(self.lambda_param * topic_assignment)
/home/william18026/ELJST-Paper/ELJST_script_BTM.py:394: RuntimeWarning: invalid value encountered in true_divide
  topic_assignment1 /= topic_assignment1.sum()
/home/william18026/ELJST-Paper/ELJST_script_BTM.py:399: RuntimeWarning: overflow encountered in exp
  topic_assignment2 = np.exp(self.lambda_param * topic_assignment)
/home/william18026/ELJST-Paper/ELJST_script_BTM.py:400: RuntimeWarning: invalid value encountered in true_divide
  topic_assignment2 /= topic_assignment2.sum()
/home/william18026/ELJST-Paper/ELJST_script_BTM.py:128: RuntimeWarning: invalid value encountered in greater_equal
  return np.random.multinomial(1, theta).argmax()
amazon_kindle_20000_trained_0.3 failed
